# JRE version: Java(TM) SE Runtime Environment (8.0_91-b15) (build 1.8.0_91-b15)
# Java VM: Java HotSpot(TM) 64-Bit Server VM (25.91-b15 mixed mode windows-amd64 compressed oops)
Heap:
 PSYoungGen      total 614400K, used 141012K [0x0000000780980000, 0x00000007b7b80000, 0x00000007c0000000)
  eden space 594944K, 23% used [0x0000000780980000,0x00000007892f53a8,0x00000007a4e80000)
  from space 19456K, 1% used [0x00000007a4e80000,0x00000007a4ec0000,0x00000007a6180000)
  to   space 19968K, 0% used [0x00000007b6800000,0x00000007b6800000,0x00000007b7b80000)
 ParOldGen       total 89600K, used 27442K [0x0000000701c00000, 0x0000000707380000, 0x0000000780980000)
  object space 89600K, 30% used [0x0000000701c00000,0x00000007036cc9b8,0x0000000707380000)
 Metaspace       used 47290K, capacity 50256K, committed 50432K, reserved 1093632K
  class space    used 6611K, capacity 7118K, committed 7168K, reserved 1048576K
GC Heap History (10 events):
Event: 186.701 GC heap before
{Heap before GC invocations=11 (full 2):
 PSYoungGen      total 279040K, used 263168K [0x0000000780980000, 0x0000000796080000, 0x00000007c0000000)
  eden space 263168K, 100% used [0x0000000780980000,0x0000000790a80000,0x0000000790a80000)
  from space 15872K, 0% used [0x0000000791a00000,0x0000000791a00000,0x0000000792980000)
  to   space 15872K, 0% used [0x0000000790a80000,0x0000000790a80000,0x0000000791a00000)
 ParOldGen       total 89600K, used 17983K [0x0000000701c00000, 0x0000000707380000, 0x0000000780980000)
  object space 89600K, 20% used [0x0000000701c00000,0x0000000702d8fc48,0x0000000707380000)
 Metaspace       used 46820K, capacity 49758K, committed 49920K, reserved 1091584K
  class space    used 6596K, capacity 7101K, committed 7168K, reserved 1048576K
Event: 186.728 GC heap after
Heap after GC invocations=11 (full 2):
 PSYoungGen      total 279040K, used 15857K [0x0000000780980000, 0x000000079ba80000, 0x00000007c0000000)
  eden space 263168K, 0% used [0x0000000780980000,0x0000000780980000,0x0000000790a80000)
  from space 15872K, 99% used [0x0000000790a80000,0x00000007919fc4b8,0x0000000791a00000)
  to   space 18432K, 0% used [0x000000079a880000,0x000000079a880000,0x000000079ba80000)
 ParOldGen       total 89600K, used 20042K [0x0000000701c00000, 0x0000000707380000, 0x0000000780980000)
  object space 89600K, 22% used [0x0000000701c00000,0x0000000702f929f8,0x0000000707380000)
 Metaspace       used 46820K, capacity 49758K, committed 49920K, reserved 1091584K
  class space    used 6596K, capacity 7101K, committed 7168K, reserved 1048576K
}
Event: 1053.768 GC heap before
{Heap before GC invocations=12 (full 2):
 PSYoungGen      total 279040K, used 279025K [0x0000000780980000, 0x000000079ba80000, 0x00000007c0000000)
  eden space 263168K, 100% used [0x0000000780980000,0x0000000790a80000,0x0000000790a80000)
  from space 15872K, 99% used [0x0000000790a80000,0x00000007919fc4b8,0x0000000791a00000)
  to   space 18432K, 0% used [0x000000079a880000,0x000000079a880000,0x000000079ba80000)
 ParOldGen       total 89600K, used 20042K [0x0000000701c00000, 0x0000000707380000, 0x0000000780980000)
  object space 89600K, 22% used [0x0000000701c00000,0x0000000702f929f8,0x0000000707380000)
 Metaspace       used 46891K, capacity 49830K, committed 49920K, reserved 1091584K
  class space    used 6603K, capacity 7113K, committed 7168K, reserved 1048576K
Event: 1053.784 GC heap after
Heap after GC invocations=12 (full 2):
 PSYoungGen      total 414720K, used 7448K [0x0000000780980000, 0x000000079b500000, 0x00000007c0000000)
  eden space 401920K, 0% used [0x0000000780980000,0x0000000780980000,0x0000000799200000)
  from space 12800K, 58% used [0x000000079a880000,0x000000079afc62c8,0x000000079b500000)
  to   space 17920K, 0% used [0x0000000799200000,0x0000000799200000,0x000000079a380000)
 ParOldGen       total 89600K, used 20050K [0x0000000701c00000, 0x0000000707380000, 0x0000000780980000)
  object space 89600K, 22% used [0x0000000701c00000,0x0000000702f949f8,0x0000000707380000)
 Metaspace       used 46891K, capacity 49830K, committed 49920K, reserved 1091584K
  class space    used 6603K, capacity 7113K, committed 7168K, reserved 1048576K
}
Event: 2408.834 GC heap before
{Heap before GC invocations=13 (full 2):
 PSYoungGen      total 414720K, used 409368K [0x0000000780980000, 0x000000079b500000, 0x00000007c0000000)
  eden space 401920K, 100% used [0x0000000780980000,0x0000000799200000,0x0000000799200000)
  from space 12800K, 58% used [0x000000079a880000,0x000000079afc62c8,0x000000079b500000)
  to   space 17920K, 0% used [0x0000000799200000,0x0000000799200000,0x000000079a380000)
 ParOldGen       total 89600K, used 20050K [0x0000000701c00000, 0x0000000707380000, 0x0000000780980000)
  object space 89600K, 22% used [0x0000000701c00000,0x0000000702f949f8,0x0000000707380000)
 Metaspace       used 47205K, capacity 50162K, committed 50432K, reserved 1093632K
  class space    used 6605K, capacity 7113K, committed 7168K, reserved 1048576K
Event: 2408.849 GC heap after
Heap after GC invocations=13 (full 2):
 PSYoungGen      total 419840K, used 192K [0x0000000780980000, 0x00000007a7d80000, 0x00000007c0000000)
  eden space 401920K, 0% used [0x0000000780980000,0x0000000780980000,0x0000000799200000)
  from space 17920K, 1% used [0x0000000799200000,0x0000000799230000,0x000000079a380000)
  to   space 18944K, 0% used [0x00000007a6b00000,0x00000007a6b00000,0x00000007a7d80000)
 ParOldGen       total 89600K, used 27354K [0x0000000701c00000, 0x0000000707380000, 0x0000000780980000)
  object space 89600K, 30% used [0x0000000701c00000,0x00000007036b6998,0x0000000707380000)
 Metaspace       used 47205K, capacity 50162K, committed 50432K, reserved 1093632K
  class space    used 6605K, capacity 7113K, committed 7168K, reserved 1048576K
}
Event: 14549.896 GC heap before
{Heap before GC invocations=14 (full 2):
 PSYoungGen      total 419840K, used 402112K [0x0000000780980000, 0x00000007a7d80000, 0x00000007c0000000)
  eden space 401920K, 100% used [0x0000000780980000,0x0000000799200000,0x0000000799200000)
  from space 17920K, 1% used [0x0000000799200000,0x0000000799230000,0x000000079a380000)
  to   space 18944K, 0% used [0x00000007a6b00000,0x00000007a6b00000,0x00000007a7d80000)
 ParOldGen       total 89600K, used 27354K [0x0000000701c00000, 0x0000000707380000, 0x0000000780980000)
  object space 89600K, 30% used [0x0000000701c00000,0x00000007036b6998,0x0000000707380000)
 Metaspace       used 47252K, capacity 50192K, committed 50432K, reserved 1093632K
  class space    used 6611K, capacity 7118K, committed 7168K, reserved 1048576K
Event: 14549.900 GC heap after
Heap after GC invocations=14 (full 2):
 PSYoungGen      total 604672K, used 480K [0x0000000780980000, 0x00000007a7480000, 0x00000007c0000000)
  eden space 594944K, 0% used [0x0000000780980000,0x0000000780980000,0x00000007a4e80000)
  from space 9728K, 4% used [0x00000007a6b00000,0x00000007a6b78000,0x00000007a7480000)
  to   space 19456K, 0% used [0x00000007a4e80000,0x00000007a4e80000,0x00000007a6180000)
 ParOldGen       total 89600K, used 27378K [0x0000000701c00000, 0x0000000707380000, 0x0000000780980000)
  object space 89600K, 30% used [0x0000000701c00000,0x00000007036bc998,0x0000000707380000)
 Metaspace       used 47252K, capacity 50192K, committed 50432K, reserved 1093632K
  class space    used 6611K, capacity 7118K, committed 7168K, reserved 1048576K
}
Event: 27709.903 GC heap before
{Heap before GC invocations=15 (full 2):
 PSYoungGen      total 604672K, used 595424K [0x0000000780980000, 0x00000007a7480000, 0x00000007c0000000)
  eden space 594944K, 100% used [0x0000000780980000,0x00000007a4e80000,0x00000007a4e80000)
  from space 9728K, 4% used [0x00000007a6b00000,0x00000007a6b78000,0x00000007a7480000)
  to   space 19456K, 0% used [0x00000007a4e80000,0x00000007a4e80000,0x00000007a6180000)
 ParOldGen       total 89600K, used 27378K [0x0000000701c00000, 0x0000000707380000, 0x0000000780980000)
  object space 89600K, 30% used [0x0000000701c00000,0x00000007036bc998,0x0000000707380000)
 Metaspace       used 47290K, capacity 50256K, committed 50432K, reserved 1093632K
  class space    used 6611K, capacity 7118K, committed 7168K, reserved 1048576K
Event: 27709.907 GC heap after
Heap after GC invocations=15 (full 2):
 PSYoungGen      total 614400K, used 256K [0x0000000780980000, 0x00000007b7b80000, 0x00000007c0000000)
  eden space 594944K, 0% used [0x0000000780980000,0x0000000780980000,0x00000007a4e80000)
  from space 19456K, 1% used [0x00000007a4e80000,0x00000007a4ec0000,0x00000007a6180000)
  to   space 19968K, 0% used [0x00000007b6800000,0x00000007b6800000,0x00000007b7b80000)
 ParOldGen       total 89600K, used 27442K [0x0000000701c00000, 0x0000000707380000, 0x0000000780980000)
  object space 89600K, 30% used [0x0000000701c00000,0x00000007036cc9b8,0x0000000707380000)
 Metaspace       used 47290K, capacity 50256K, committed 50432K, reserved 1093632K
  class space    used 6611K, capacity 7118K, committed 7168K, reserved 1048576K
}

